<?xml version="1.0" encoding="UTF-8"?>
<!-- Generated by org.testng.reporters.JUnitReportReporter -->
<testsuite hostname="DESKTOP-5Q0SIM2" failures="0" tests="1" name="maven.testcases.FacebookUserRegistrationTest" time="4.960" errors="0" timestamp="2021-04-04T23:08:01 EAST" skipped="0">
  <testcase classname="maven.testcases.FacebookUserRegistrationTest" name="FacebookUserRegistrationTest" time="4.960"/>
  <system-out/>
</testsuite> <!-- maven.testcases.FacebookUserRegistrationTest -->
